-----------------0
Net: 0
Out:0
Target: 1
Pesos: [0,0,0,0.4,0,0,0,0,0,0,0.4,0,0,0,0,0,0,0.4,0,0,0,0,0,0.4,0,0.4,0,0,0,0,0.4,0,0.4,0,0,0,0.4,0,0,0,0.4,0,0,0.4,0.4,0.4,0.4,0.4,0,0,0.4,0,0,0,0.4,0,0,0.4,0,0,0,0.4,0]
Bias: 0.4
-----------------1
Net: 2.4
Out:1
Target: -1
Pesos: [-0.4,-0.4,-0.4,0,-0.4,-0.4,0,-0.4,0,0,0.4,0,0,-0.4,-0.4,0,0,0.4,0,0,-0.4,-0.4,0,0.4,0,0.4,0,-0.4,-0.4,-0.4,0,-0.4,0,-0.4,0,-0.4,0.4,0,0,0,0.4,-0.4,-0.4,0.4,0.4,0.4,0.4,0.4,-0.4,-0.4,0.4,0,0,0,0.4,-0.4,-0.4,0,-0.4,-0.4,-0.4,0,0]
Bias: 0
-----------------0
Não atualizou o peso.
-----------------1
Não atualizou o peso.
-------FIM-------
Pesos ao final do treinamento: [-0.4,-0.4,-0.4,0,-0.4,-0.4,0,-0.4,0,0,0.4,0,0,-0.4,-0.4,0,0,0.4,0,0,-0.4,-0.4,0,0.4,0,0.4,0,-0.4,-0.4,-0.4,0,-0.4,0,-0.4,0,-0.4,0.4,0,0,0,0.4,-0.4,-0.4,0.4,0.4,0.4,0.4,0.4,-0.4,-0.4,0.4,0,0,0,0.4,-0.4,-0.4,0,-0.4,-0.4,-0.4,0,0]
Bias ao final fo treinamento:  0
Épocas de treinamento: 2


Treinamento para a segunda fonte
-------FIM-------
Pesos ao final do treinamento: [-0.4,-0.4,-0.4,0,-0.4,-0.4,0,-0.4,0,0,0.4,0,0,-0.4,-0.4,0,0,0.4,0,0,-0.4,-0.4,0,0.4,0,0.4,0,-0.4,-0.4,-0.4,0,-0.4,0,-0.4,0,-0.4,0.4,0,0,0,0.4,-0.4,-0.4,0.4,0.4,0.4,0.4,0.4,-0.4,-0.4,0.4,0,0,0,0.4,-0.4,-0.4,0,-0.4,-0.4,-0.4,0,0]
Bias ao final fo treinamento:  0
Épocas de treinamento: 2
Input Pair: [0,0,1,1,0,0,0,0,0,0,1,0,0,0,0,0,0,1,0,0,0,0,0,1,0,1,0,0,0,0,1,0,1,0,0,0,1,1,1,1,1,0,0,1,0,0,0,1,0,0,1,0,0,0,1,0,1,1,1,0,1,1,1] - 
Output: 1
Input Pair: [1,1,1,1,1,1,0,1,0,0,0,0,0,1,1,0,0,0,0,0,1,1,0,0,0,0,0,1,1,1,1,1,1,1,0,1,0,0,0,0,0,1,1,0,0,0,0,0,1,1,0,0,0,0,0,1,1,1,1,1,1,1,0] - 
Output: -1
